2025-01-14T23:03:04.306+05:30  INFO 18556 --- [CrudOperation] [restartedMain] com.pratice.CrudOperationApplication     : Starting CrudOperationApplication using Java 17.0.8.1 with PID 18556 (C:\Users\mkgil\SpringFeature\CrudOperation\target\classes started by mkgil in C:\Users\mkgil\SpringFeature\CrudOperation)
2025-01-14T23:03:04.310+05:30  INFO 18556 --- [CrudOperation] [restartedMain] com.pratice.CrudOperationApplication     : No active profile set, falling back to 1 default profile: "default"
2025-01-14T23:03:04.368+05:30  INFO 18556 --- [CrudOperation] [restartedMain] .e.DevToolsPropertyDefaultsPostProcessor : Devtools property defaults active! Set 'spring.devtools.add-properties' to 'false' to disable
2025-01-14T23:03:04.369+05:30  INFO 18556 --- [CrudOperation] [restartedMain] .e.DevToolsPropertyDefaultsPostProcessor : For additional web related logging consider setting the 'logging.level.web' property to 'DEBUG'
2025-01-14T23:03:05.084+05:30  INFO 18556 --- [CrudOperation] [restartedMain] .s.d.r.c.RepositoryConfigurationDelegate : Bootstrapping Spring Data JPA repositories in DEFAULT mode.
2025-01-14T23:03:05.150+05:30  INFO 18556 --- [CrudOperation] [restartedMain] .s.d.r.c.RepositoryConfigurationDelegate : Finished Spring Data repository scanning in 53 ms. Found 1 JPA repository interface.
2025-01-14T23:03:05.718+05:30  INFO 18556 --- [CrudOperation] [restartedMain] o.s.b.w.embedded.tomcat.TomcatWebServer  : Tomcat initialized with port 8080 (http)
2025-01-14T23:03:05.734+05:30  INFO 18556 --- [CrudOperation] [restartedMain] o.apache.catalina.core.StandardService   : Starting service [Tomcat]
2025-01-14T23:03:05.734+05:30  INFO 18556 --- [CrudOperation] [restartedMain] o.apache.catalina.core.StandardEngine    : Starting Servlet engine: [Apache Tomcat/10.1.34]
2025-01-14T23:03:05.799+05:30  INFO 18556 --- [CrudOperation] [restartedMain] o.a.c.c.C.[Tomcat].[localhost].[/]       : Initializing Spring embedded WebApplicationContext
2025-01-14T23:03:05.800+05:30  INFO 18556 --- [CrudOperation] [restartedMain] w.s.c.ServletWebServerApplicationContext : Root WebApplicationContext: initialization completed in 1430 ms
2025-01-14T23:03:05.994+05:30  INFO 18556 --- [CrudOperation] [restartedMain] o.hibernate.jpa.internal.util.LogHelper  : HHH000204: Processing PersistenceUnitInfo [name: default]
2025-01-14T23:03:06.116+05:30  INFO 18556 --- [CrudOperation] [restartedMain] org.hibernate.Version                    : HHH000412: Hibernate ORM core version 6.6.4.Final
2025-01-14T23:03:06.170+05:30  INFO 18556 --- [CrudOperation] [restartedMain] o.h.c.internal.RegionFactoryInitiator    : HHH000026: Second-level cache disabled
2025-01-14T23:03:06.626+05:30  INFO 18556 --- [CrudOperation] [restartedMain] o.s.o.j.p.SpringPersistenceUnitInfo      : No LoadTimeWeaver setup: ignoring JPA class transformer
2025-01-14T23:03:06.687+05:30  INFO 18556 --- [CrudOperation] [restartedMain] com.zaxxer.hikari.HikariDataSource       : HikariPool-1 - Starting...
2025-01-14T23:03:07.134+05:30  INFO 18556 --- [CrudOperation] [restartedMain] com.zaxxer.hikari.pool.HikariPool        : HikariPool-1 - Added connection com.mysql.cj.jdbc.ConnectionImpl@67803115
2025-01-14T23:03:07.141+05:30  INFO 18556 --- [CrudOperation] [restartedMain] com.zaxxer.hikari.HikariDataSource       : HikariPool-1 - Start completed.
2025-01-14T23:03:07.228+05:30  WARN 18556 --- [CrudOperation] [restartedMain] org.hibernate.orm.deprecation            : HHH90000025: MySQL8Dialect does not need to be specified explicitly using 'hibernate.dialect' (remove the property setting and it will be selected by default)
2025-01-14T23:03:07.230+05:30  WARN 18556 --- [CrudOperation] [restartedMain] org.hibernate.orm.deprecation            : HHH90000026: MySQL8Dialect has been deprecated; use org.hibernate.dialect.MySQLDialect instead
2025-01-14T23:03:07.267+05:30  INFO 18556 --- [CrudOperation] [restartedMain] org.hibernate.orm.connections.pooling    : HHH10001005: Database info:
	Database JDBC URL [Connecting through datasource 'HikariDataSource (HikariPool-1)']
	Database driver: undefined/unknown
	Database version: 8.0
	Autocommit mode: undefined/unknown
	Isolation level: undefined/unknown
	Minimum pool size: undefined/unknown
	Maximum pool size: undefined/unknown
2025-01-14T23:03:08.369+05:30  INFO 18556 --- [CrudOperation] [restartedMain] o.h.e.t.j.p.i.JtaPlatformInitiator       : HHH000489: No JTA platform available (set 'hibernate.transaction.jta.platform' to enable JTA platform integration)
2025-01-14T23:03:08.452+05:30  INFO 18556 --- [CrudOperation] [restartedMain] j.LocalContainerEntityManagerFactoryBean : Initialized JPA EntityManagerFactory for persistence unit 'default'
2025-01-14T23:03:08.748+05:30  WARN 18556 --- [CrudOperation] [restartedMain] JpaBaseConfiguration$JpaWebConfiguration : spring.jpa.open-in-view is enabled by default. Therefore, database queries may be performed during view rendering. Explicitly configure spring.jpa.open-in-view to disable this warning
2025-01-14T23:03:09.136+05:30  INFO 18556 --- [CrudOperation] [restartedMain] o.s.b.d.a.OptionalLiveReloadServer       : LiveReload server is running on port 35729
2025-01-14T23:03:09.196+05:30  INFO 18556 --- [CrudOperation] [restartedMain] o.s.b.w.embedded.tomcat.TomcatWebServer  : Tomcat started on port 8080 (http) with context path '/'
2025-01-14T23:03:09.209+05:30  INFO 18556 --- [CrudOperation] [restartedMain] com.pratice.CrudOperationApplication     : Started CrudOperationApplication in 5.303 seconds (process running for 6.327)
2025-01-14T23:05:19.515+05:30  INFO 18556 --- [CrudOperation] [File Watcher] rtingClassPathChangeChangedEventListener : Restarting due to 1 class path change (0 additions, 0 deletions, 1 modification)
2025-01-14T23:05:19.520+05:30  INFO 18556 --- [CrudOperation] [Thread-5] o.s.b.w.e.tomcat.GracefulShutdown        : Commencing graceful shutdown. Waiting for active requests to complete
2025-01-14T23:05:19.645+05:30  INFO 18556 --- [CrudOperation] [tomcat-shutdown] o.s.b.w.e.tomcat.GracefulShutdown        : Graceful shutdown complete
2025-01-14T23:05:19.649+05:30  INFO 18556 --- [CrudOperation] [Thread-5] j.LocalContainerEntityManagerFactoryBean : Closing JPA EntityManagerFactory for persistence unit 'default'
2025-01-14T23:05:19.652+05:30  INFO 18556 --- [CrudOperation] [Thread-5] com.zaxxer.hikari.HikariDataSource       : HikariPool-1 - Shutdown initiated...
2025-01-14T23:05:19.666+05:30  INFO 18556 --- [CrudOperation] [Thread-5] com.zaxxer.hikari.HikariDataSource       : HikariPool-1 - Shutdown completed.
